[2017-06-12 11:13:17] local.ERROR: PDOException: SQLSTATE[42S02]: Base table or view not found: 1146 Table 'forum.channels' doesn't exist in /home/vagrant/Code/LARAFORUM/vendor/laravel/framework/src/Illuminate/Database/Connection.php:319
Stack trace:
#0 /home/vagrant/Code/LARAFORUM/vendor/laravel/framework/src/Illuminate/Database/Connection.php(319): PDO->prepare('select * from `...')
#1 /home/vagrant/Code/LARAFORUM/vendor/laravel/framework/src/Illuminate/Database/Connection.php(640): Illuminate\Database\Connection->Illuminate\Database\{closure}('select * from `...', Array)
#2 /home/vagrant/Code/LARAFORUM/vendor/laravel/framework/src/Illuminate/Database/Connection.php(607): Illuminate\Database\Connection->runQueryCallback('select * from `...', Array, Object(Closure))
#3 /home/vagrant/Code/LARAFORUM/vendor/laravel/framework/src/Illuminate/Database/Connection.php(326): Illuminate\Database\Connection->run('select * from `...', Array, Object(Closure))
#4 /home/vagrant/Code/LARAFORUM/vendor/laravel/framework/src/Illuminate/Database/Query/Builder.php(1710): Illuminate\Database\Connection->select('select * from `...', Array, true)
#5 /home/vagrant/Code/LARAFORUM/vendor/laravel/framework/src/Illuminate/Database/Query/Builder.php(1695): Illuminate\Database\Query\Builder->runSelect()
#6 /home/vagrant/Code/LARAFORUM/vendor/laravel/framework/src/Illuminate/Database/Eloquent/Builder.php(462): Illuminate\Database\Query\Builder->get(Array)
#7 /home/vagrant/Code/LARAFORUM/vendor/laravel/framework/src/Illuminate/Database/Eloquent/Builder.php(446): Illuminate\Database\Eloquent\Builder->getModels(Array)
#8 /home/vagrant/Code/LARAFORUM/vendor/laravel/framework/src/Illuminate/Database/Eloquent/Model.php(343): Illuminate\Database\Eloquent\Builder->get(Array)
#9 /home/vagrant/Code/LARAFORUM/app/Providers/AppServiceProvider.php(19): Illuminate\Database\Eloquent\Model::all()
#10 /home/vagrant/Code/LARAFORUM/vendor/laravel/framework/src/Illuminate/Cache/Repository.php(323): App\Providers\AppServiceProvider->App\Providers\{closure}()
#11 /home/vagrant/Code/LARAFORUM/vendor/laravel/framework/src/Illuminate/Cache/CacheManager.php(302): Illuminate\Cache\Repository->rememberForever('channels', Object(Closure))
#12 /home/vagrant/Code/LARAFORUM/vendor/laravel/framework/src/Illuminate/Support/Facades/Facade.php(221): Illuminate\Cache\CacheManager->__call('rememberForever', Array)
#13 /home/vagrant/Code/LARAFORUM/app/Providers/AppServiceProvider.php(20): Illuminate\Support\Facades\Facade::__callStatic('rememberForever', Array)
#14 /home/vagrant/Code/LARAFORUM/vendor/laravel/framework/src/Illuminate/View/Concerns/ManagesEvents.php(164): App\Providers\AppServiceProvider->App\Providers\{closure}(Object(Illuminate\View\View))
#15 /home/vagrant/Code/LARAFORUM/vendor/laravel/framework/src/Illuminate/Events/Dispatcher.php(346): Illuminate\View\Factory->Illuminate\View\Concerns\{closure}('composing: welc...', Array)
#16 /home/vagrant/Code/LARAFORUM/vendor/laravel/framework/src/Illuminate/Events/Dispatcher.php(199): Illuminate\Events\Dispatcher->Illuminate\Events\{closure}('composing: welc...', Array)
#17 /home/vagrant/Code/LARAFORUM/vendor/laravel/framework/src/Illuminate/Events/Dispatcher.php(172): Illuminate\Events\Dispatcher->dispatch('composing: welc...', Array, false)
#18 /home/vagrant/Code/LARAFORUM/vendor/laravel/framework/src/Illuminate/View/Concerns/ManagesEvents.php(179): Illuminate\Events\Dispatcher->fire('composing: welc...', Array)
#19 /home/vagrant/Code/LARAFORUM/vendor/laravel/framework/src/Illuminate/View/View.php(118): Illuminate\View\Factory->callComposer(Object(Illuminate\View\View))
#20 /home/vagrant/Code/LARAFORUM/vendor/laravel/framework/src/Illuminate/View/View.php(85): Illuminate\View\View->renderContents()
#21 /home/vagrant/Code/LARAFORUM/vendor/laravel/framework/src/Illuminate/Http/Response.php(38): Illuminate\View\View->render()
#22 /home/vagrant/Code/LARAFORUM/vendor/symfony/http-foundation/Response.php(201): Illuminate\Http\Response->setContent(Object(Illuminate\View\View))
#23 /home/vagrant/Code/LARAFORUM/vendor/laravel/framework/src/Illuminate/Routing/Router.php(617): Symfony\Component\HttpFoundation\Response->__construct(Object(Illuminate\View\View))
#24 /home/vagrant/Code/LARAFORUM/vendor/laravel/framework/src/Illuminate/Routing/Router.php(574): Illuminate\Routing\Router->prepareResponse(Object(Illuminate\Http\Request), Object(Illuminate\View\View))
#25 /home/vagrant/Code/LARAFORUM/vendor/laravel/framework/src/Illuminate/Routing/Pipeline.php(30): Illuminate\Routing\Router->Illuminate\Routing\{closure}(Object(Illuminate\Http\Request))
#26 /home/vagrant/Code/LARAFORUM/vendor/laravel/framework/src/Illuminate/Routing/Middleware/SubstituteBindings.php(41): Illuminate\Routing\Pipeline->Illuminate\Routing\{closure}(Object(Illuminate\Http\Request))
#27 /home/vagrant/Code/LARAFORUM/vendor/laravel/framework/src/Illuminate/Pipeline/Pipeline.php(148): Illuminate\Routing\Middleware\SubstituteBindings->handle(Object(Illuminate\Http\Request), Object(Closure))
#28 /home/vagrant/Code/LARAFORUM/vendor/laravel/framework/src/Illuminate/Routing/Pipeline.php(53): Illuminate\Pipeline\Pipeline->Illuminate\Pipeline\{closure}(Object(Illuminate\Http\Request))
#29 /home/vagrant/Code/LARAFORUM/vendor/laravel/framework/src/Illuminate/Foundation/Http/Middleware/VerifyCsrfToken.php(65): Illuminate\Routing\Pipeline->Illuminate\Routing\{closure}(Object(Illuminate\Http\Request))
#30 /home/vagrant/Code/LARAFORUM/vendor/laravel/framework/src/Illuminate/Pipeline/Pipeline.php(148): Illuminate\Foundation\Http\Middleware\VerifyCsrfToken->handle(Object(Illuminate\Http\Request), Object(Closure))
#31 /home/vagrant/Code/LARAFORUM/vendor/laravel/framework/src/Illuminate/Routing/Pipeline.php(53): Illuminate\Pipeline\Pipeline->Illuminate\Pipeline\{closure}(Object(Illuminate\Http\Request))
#32 /home/vagrant/Code/LARAFORUM/vendor/laravel/framework/src/Illuminate/View/Middleware/ShareErrorsFromSession.php(49): Illuminate\Routing\Pipeline->Illuminate\Routing\{closure}(Object(Illuminate\Http\Request))
#33 /home/vagrant/Code/LARAFORUM/vendor/laravel/framework/src/Illuminate/Pipeline/Pipeline.php(148): Illuminate\View\Middleware\ShareErrorsFromSession->handle(Object(Illuminate\Http\Request), Object(Closure))
#34 /home/vagrant/Code/LARAFORUM/vendor/laravel/framework/src/Illuminate/Routing/Pipeline.php(53): Illuminate\Pipeline\Pipeline->Illuminate\Pipeline\{closure}(Object(Illuminate\Http\Request))
#35 /home/vagrant/Code/LARAFORUM/vendor/laravel/framework/src/Illuminate/Session/Middleware/StartSession.php(64): Illuminate\Routing\Pipeline->Illuminate\Routing\{closure}(Object(Illuminate\Http\Request))
#36 /home/vagrant/Code/LARAFORUM/vendor/laravel/framework/src/Illuminate/Pipeline/Pipeline.php(148): Illuminate\Session\Middleware\StartSession->handle(Object(Illuminate\Http\Request), Object(Closure))
#37 /home/vagrant/Code/LARAFORUM/vendor/laravel/framework/src/Illuminate/Routing/Pipeline.php(53): Illuminate\Pipeline\Pipeline->Illuminate\Pipeline\{closure}(Object(Illuminate\Http\Request))
#38 /home/vagrant/Code/LARAFORUM/vendor/laravel/framework/src/Illuminate/Cookie/Middleware/AddQueuedCookiesToResponse.php(37): Illuminate\Routing\Pipeline->Illuminate\Routing\{closure}(Object(Illuminate\Http\Request))
#39 /home/vagrant/Code/LARAFORUM/vendor/laravel/framework/src/Illuminate/Pipeline/Pipeline.php(148): Illuminate\Cookie\Middleware\AddQueuedCookiesToResponse->handle(Object(Illuminate\Http\Request), Object(Closure))
#40 /home/vagrant/Code/LARAFORUM/vendor/laravel/framework/src/Illuminate/Routing/Pipeline.php(53): Illuminate\Pipeline\Pipeline->Illuminate\Pipeline\{closure}(Object(Illuminate\Http\Request))
#41 /home/vagrant/Code/LARAFORUM/vendor/laravel/framework/src/Illuminate/Cookie/Middleware/EncryptCookies.php(59): Illuminate\Routing\Pipeline->Illuminate\Routing\{closure}(Object(Illuminate\Http\Request))
#42 /home/vagrant/Code/LARAFORUM/vendor/laravel/framework/src/Illuminate/Pipeline/Pipeline.php(148): Illuminate\Cookie\Middleware\EncryptCookies->handle(Object(Illuminate\Http\Request), Object(Closure))
#43 /home/vagrant/Code/LARAFORUM/vendor/laravel/framework/src/Illuminate/Routing/Pipeline.php(53): Illuminate\Pipeline\Pipeline->Illuminate\Pipeline\{closure}(Object(Illuminate\Http\Request))
#44 /home/vagrant/Code/LARAFORUM/vendor/laravel/framework/src/Illuminate/Pipeline/Pipeline.php(102): Illuminate\Routing\Pipeline->Illuminate\Routing\{closure}(Object(Illuminate\Http\Request))
#45 /home/vagrant/Code/LARAFORUM/vendor/laravel/framework/src/Illuminate/Routing/Router.php(576): Illuminate\Pipeline\Pipeline->then(Object(Closure))
#46 /home/vagrant/Code/LARAFORUM/vendor/laravel/framework/src/Illuminate/Routing/Router.php(535): Illuminate\Routing\Router->runRouteWithinStack(Object(Illuminate\Routing\Route), Object(Illuminate\Http\Request))
#47 /home/vagrant/Code/LARAFORUM/vendor/laravel/framework/src/Illuminate/Routing/Router.php(513): Illuminate\Routing\Router->dispatchToRoute(Object(Illuminate\Http\Request))
#48 /home/vagrant/Code/LARAFORUM/vendor/laravel/framework/src/Illuminate/Foundation/Http/Kernel.php(174): Illuminate\Routing\Router->dispatch(Object(Illuminate\Http\Request))
#49 /home/vagrant/Code/LARAFORUM/vendor/laravel/framework/src/Illuminate/Routing/Pipeline.php(30): Illuminate\Foundation\Http\Kernel->Illuminate\Foundation\Http\{closure}(Object(Illuminate\Http\Request))
#50 /home/vagrant/Code/LARAFORUM/vendor/barryvdh/laravel-debugbar/src/Middleware/Debugbar.php(51): Illuminate\Routing\Pipeline->Illuminate\Routing\{closure}(Object(Illuminate\Http\Request))
#51 /home/vagrant/Code/LARAFORUM/vendor/laravel/framework/src/Illuminate/Pipeline/Pipeline.php(148): Barryvdh\Debugbar\Middleware\Debugbar->handle(Object(Illuminate\Http\Request), Object(Closure))
#52 /home/vagrant/Code/LARAFORUM/vendor/laravel/framework/src/Illuminate/Routing/Pipeline.php(53): Illuminate\Pipeline\Pipeline->Illuminate\Pipeline\{closure}(Object(Illuminate\Http\Request))
#53 /home/vagrant/Code/LARAFORUM/vendor/laravel/framework/src/Illuminate/Foundation/Http/Middleware/TransformsRequest.php(30): Illuminate\Routing\Pipeline->Illuminate\Routing\{closure}(Object(Illuminate\Http\Request))
#54 /home/vagrant/Code/LARAFORUM/vendor/laravel/framework/src/Illuminate/Pipeline/Pipeline.php(148): Illuminate\Foundation\Http\Middleware\TransformsRequest->handle(Object(Illuminate\Http\Request), Object(Closure))
#55 /home/vagrant/Code/LARAFORUM/vendor/laravel/framework/src/Illuminate/Routing/Pipeline.php(53): Illuminate\Pipeline\Pipeline->Illuminate\Pipeline\{closure}(Object(Illuminate\Http\Request))
#56 /home/vagrant/Code/LARAFORUM/vendor/laravel/framework/src/Illuminate/Foundation/Http/Middleware/TransformsRequest.php(30): Illuminate\Routing\Pipeline->Illuminate\Routing\{closure}(Object(Illuminate\Http\Request))
#57 /home/vagrant/Code/LARAFORUM/vendor/laravel/framework/src/Illuminate/Pipeline/Pipeline.php(148): Illuminate\Foundation\Http\Middleware\TransformsRequest->handle(Object(Illuminate\Http\Request), Object(Closure))
#58 /home/vagrant/Code/LARAFORUM/vendor/laravel/framework/src/Illuminate/Routing/Pipeline.php(53): Illuminate\Pipeline\Pipeline->Illuminate\Pipeline\{closure}(Object(Illuminate\Http\Request))
#59 /home/vagrant/Code/LARAFORUM/vendor/laravel/framework/src/Illuminate/Foundation/Http/Middleware/ValidatePostSize.php(27): Illuminate\Routing\Pipeline->Illuminate\Routing\{closure}(Object(Illuminate\Http\Request))
#60 /home/vagrant/Code/LARAFORUM/vendor/laravel/framework/src/Illuminate/Pipeline/Pipeline.php(148): Illuminate\Foundation\Http\Middleware\ValidatePostSize->handle(Object(Illuminate\Http\Request), Object(Closure))
#61 /home/vagrant/Code/LARAFORUM/vendor/laravel/framework/src/Illuminate/Routing/Pipeline.php(53): Illuminate\Pipeline\Pipeline->Illuminate\Pipeline\{closure}(Object(Illuminate\Http\Request))
#62 /home/vagrant/Code/LARAFORUM/vendor/laravel/framework/src/Illuminate/Foundation/Http/Middleware/CheckForMaintenanceMode.php(46): Illuminate\Routing\Pipeline->Illuminate\Routing\{closure}(Object(Illuminate\Http\Request))
#63 /home/vagrant/Code/LARAFORUM/vendor/laravel/framework/src/Illuminate/Pipeline/Pipeline.php(148): Illuminate\Foundation\Http\Middleware\CheckForMaintenanceMode->handle(Object(Illuminate\Http\Request), Object(Closure))
#64 /home/vagrant/Code/LARAFORUM/vendor/laravel/framework/src/Illuminate/Routing/Pipeline.php(53): Illuminate\Pipeline\Pipeline->Illuminate\Pipeline\{closure}(Object(Illuminate\Http\Request))
#65 /home/vagrant/Code/LARAFORUM/vendor/laravel/framework/src/Illuminate/Pipeline/Pipeline.php(102): Illuminate\Routing\Pipeline->Illuminate\Routing\{closure}(Object(Illuminate\Http\Request))
#66 /home/vagrant/Code/LARAFORUM/vendor/laravel/framework/src/Illuminate/Foundation/Http/Kernel.php(149): Illuminate\Pipeline\Pipeline->then(Object(Closure))
#67 /home/vagrant/Code/LARAFORUM/vendor/laravel/framework/src/Illuminate/Foundation/Http/Kernel.php(116): Illuminate\Foundation\Http\Kernel->sendRequestThroughRouter(Object(Illuminate\Http\Request))
#68 /home/vagrant/Code/LARAFORUM/public/index.php(53): Illuminate\Foundation\Http\Kernel->handle(Object(Illuminate\Http\Request))
#69 {main}

Next Illuminate\Database\QueryException: SQLSTATE[42S02]: Base table or view not found: 1146 Table 'forum.channels' doesn't exist (SQL: select * from `channels`) in /home/vagrant/Code/LARAFORUM/vendor/laravel/framework/src/Illuminate/Database/Connection.php:647
Stack trace:
#0 /home/vagrant/Code/LARAFORUM/vendor/laravel/framework/src/Illuminate/Database/Connection.php(607): Illuminate\Database\Connection->runQueryCallback('select * from `...', Array, Object(Closure))
#1 /home/vagrant/Code/LARAFORUM/vendor/laravel/framework/src/Illuminate/Database/Connection.php(326): Illuminate\Database\Connection->run('select * from `...', Array, Object(Closure))
#2 /home/vagrant/Code/LARAFORUM/vendor/laravel/framework/src/Illuminate/Database/Query/Builder.php(1710): Illuminate\Database\Connection->select('select * from `...', Array, true)
#3 /home/vagrant/Code/LARAFORUM/vendor/laravel/framework/src/Illuminate/Database/Query/Builder.php(1695): Illuminate\Database\Query\Builder->runSelect()
#4 /home/vagrant/Code/LARAFORUM/vendor/laravel/framework/src/Illuminate/Database/Eloquent/Builder.php(462): Illuminate\Database\Query\Builder->get(Array)
#5 /home/vagrant/Code/LARAFORUM/vendor/laravel/framework/src/Illuminate/Database/Eloquent/Builder.php(446): Illuminate\Database\Eloquent\Builder->getModels(Array)
#6 /home/vagrant/Code/LARAFORUM/vendor/laravel/framework/src/Illuminate/Database/Eloquent/Model.php(343): Illuminate\Database\Eloquent\Builder->get(Array)
#7 /home/vagrant/Code/LARAFORUM/app/Providers/AppServiceProvider.php(19): Illuminate\Database\Eloquent\Model::all()
#8 /home/vagrant/Code/LARAFORUM/vendor/laravel/framework/src/Illuminate/Cache/Repository.php(323): App\Providers\AppServiceProvider->App\Providers\{closure}()
#9 /home/vagrant/Code/LARAFORUM/vendor/laravel/framework/src/Illuminate/Cache/CacheManager.php(302): Illuminate\Cache\Repository->rememberForever('channels', Object(Closure))
#10 /home/vagrant/Code/LARAFORUM/vendor/laravel/framework/src/Illuminate/Support/Facades/Facade.php(221): Illuminate\Cache\CacheManager->__call('rememberForever', Array)
#11 /home/vagrant/Code/LARAFORUM/app/Providers/AppServiceProvider.php(20): Illuminate\Support\Facades\Facade::__callStatic('rememberForever', Array)
#12 /home/vagrant/Code/LARAFORUM/vendor/laravel/framework/src/Illuminate/View/Concerns/ManagesEvents.php(164): App\Providers\AppServiceProvider->App\Providers\{closure}(Object(Illuminate\View\View))
#13 /home/vagrant/Code/LARAFORUM/vendor/laravel/framework/src/Illuminate/Events/Dispatcher.php(346): Illuminate\View\Factory->Illuminate\View\Concerns\{closure}('composing: welc...', Array)
#14 /home/vagrant/Code/LARAFORUM/vendor/laravel/framework/src/Illuminate/Events/Dispatcher.php(199): Illuminate\Events\Dispatcher->Illuminate\Events\{closure}('composing: welc...', Array)
#15 /home/vagrant/Code/LARAFORUM/vendor/laravel/framework/src/Illuminate/Events/Dispatcher.php(172): Illuminate\Events\Dispatcher->dispatch('composing: welc...', Array, false)
#16 /home/vagrant/Code/LARAFORUM/vendor/laravel/framework/src/Illuminate/View/Concerns/ManagesEvents.php(179): Illuminate\Events\Dispatcher->fire('composing: welc...', Array)
#17 /home/vagrant/Code/LARAFORUM/vendor/laravel/framework/src/Illuminate/View/View.php(118): Illuminate\View\Factory->callComposer(Object(Illuminate\View\View))
#18 /home/vagrant/Code/LARAFORUM/vendor/laravel/framework/src/Illuminate/View/View.php(85): Illuminate\View\View->renderContents()
#19 /home/vagrant/Code/LARAFORUM/vendor/laravel/framework/src/Illuminate/Http/Response.php(38): Illuminate\View\View->render()
#20 /home/vagrant/Code/LARAFORUM/vendor/symfony/http-foundation/Response.php(201): Illuminate\Http\Response->setContent(Object(Illuminate\View\View))
#21 /home/vagrant/Code/LARAFORUM/vendor/laravel/framework/src/Illuminate/Routing/Router.php(617): Symfony\Component\HttpFoundation\Response->__construct(Object(Illuminate\View\View))
#22 /home/vagrant/Code/LARAFORUM/vendor/laravel/framework/src/Illuminate/Routing/Router.php(574): Illuminate\Routing\Router->prepareResponse(Object(Illuminate\Http\Request), Object(Illuminate\View\View))
#23 /home/vagrant/Code/LARAFORUM/vendor/laravel/framework/src/Illuminate/Routing/Pipeline.php(30): Illuminate\Routing\Router->Illuminate\Routing\{closure}(Object(Illuminate\Http\Request))
#24 /home/vagrant/Code/LARAFORUM/vendor/laravel/framework/src/Illuminate/Routing/Middleware/SubstituteBindings.php(41): Illuminate\Routing\Pipeline->Illuminate\Routing\{closure}(Object(Illuminate\Http\Request))
#25 /home/vagrant/Code/LARAFORUM/vendor/laravel/framework/src/Illuminate/Pipeline/Pipeline.php(148): Illuminate\Routing\Middleware\SubstituteBindings->handle(Object(Illuminate\Http\Request), Object(Closure))
#26 /home/vagrant/Code/LARAFORUM/vendor/laravel/framework/src/Illuminate/Routing/Pipeline.php(53): Illuminate\Pipeline\Pipeline->Illuminate\Pipeline\{closure}(Object(Illuminate\Http\Request))
#27 /home/vagrant/Code/LARAFORUM/vendor/laravel/framework/src/Illuminate/Foundation/Http/Middleware/VerifyCsrfToken.php(65): Illuminate\Routing\Pipeline->Illuminate\Routing\{closure}(Object(Illuminate\Http\Request))
#28 /home/vagrant/Code/LARAFORUM/vendor/laravel/framework/src/Illuminate/Pipeline/Pipeline.php(148): Illuminate\Foundation\Http\Middleware\VerifyCsrfToken->handle(Object(Illuminate\Http\Request), Object(Closure))
#29 /home/vagrant/Code/LARAFORUM/vendor/laravel/framework/src/Illuminate/Routing/Pipeline.php(53): Illuminate\Pipeline\Pipeline->Illuminate\Pipeline\{closure}(Object(Illuminate\Http\Request))
#30 /home/vagrant/Code/LARAFORUM/vendor/laravel/framework/src/Illuminate/View/Middleware/ShareErrorsFromSession.php(49): Illuminate\Routing\Pipeline->Illuminate\Routing\{closure}(Object(Illuminate\Http\Request))
#31 /home/vagrant/Code/LARAFORUM/vendor/laravel/framework/src/Illuminate/Pipeline/Pipeline.php(148): Illuminate\View\Middleware\ShareErrorsFromSession->handle(Object(Illuminate\Http\Request), Object(Closure))
#32 /home/vagrant/Code/LARAFORUM/vendor/laravel/framework/src/Illuminate/Routing/Pipeline.php(53): Illuminate\Pipeline\Pipeline->Illuminate\Pipeline\{closure}(Object(Illuminate\Http\Request))
#33 /home/vagrant/Code/LARAFORUM/vendor/laravel/framework/src/Illuminate/Session/Middleware/StartSession.php(64): Illuminate\Routing\Pipeline->Illuminate\Routing\{closure}(Object(Illuminate\Http\Request))
#34 /home/vagrant/Code/LARAFORUM/vendor/laravel/framework/src/Illuminate/Pipeline/Pipeline.php(148): Illuminate\Session\Middleware\StartSession->handle(Object(Illuminate\Http\Request), Object(Closure))
#35 /home/vagrant/Code/LARAFORUM/vendor/laravel/framework/src/Illuminate/Routing/Pipeline.php(53): Illuminate\Pipeline\Pipeline->Illuminate\Pipeline\{closure}(Object(Illuminate\Http\Request))
#36 /home/vagrant/Code/LARAFORUM/vendor/laravel/framework/src/Illuminate/Cookie/Middleware/AddQueuedCookiesToResponse.php(37): Illuminate\Routing\Pipeline->Illuminate\Routing\{closure}(Object(Illuminate\Http\Request))
#37 /home/vagrant/Code/LARAFORUM/vendor/laravel/framework/src/Illuminate/Pipeline/Pipeline.php(148): Illuminate\Cookie\Middleware\AddQueuedCookiesToResponse->handle(Object(Illuminate\Http\Request), Object(Closure))
#38 /home/vagrant/Code/LARAFORUM/vendor/laravel/framework/src/Illuminate/Routing/Pipeline.php(53): Illuminate\Pipeline\Pipeline->Illuminate\Pipeline\{closure}(Object(Illuminate\Http\Request))
#39 /home/vagrant/Code/LARAFORUM/vendor/laravel/framework/src/Illuminate/Cookie/Middleware/EncryptCookies.php(59): Illuminate\Routing\Pipeline->Illuminate\Routing\{closure}(Object(Illuminate\Http\Request))
#40 /home/vagrant/Code/LARAFORUM/vendor/laravel/framework/src/Illuminate/Pipeline/Pipeline.php(148): Illuminate\Cookie\Middleware\EncryptCookies->handle(Object(Illuminate\Http\Request), Object(Closure))
#41 /home/vagrant/Code/LARAFORUM/vendor/laravel/framework/src/Illuminate/Routing/Pipeline.php(53): Illuminate\Pipeline\Pipeline->Illuminate\Pipeline\{closure}(Object(Illuminate\Http\Request))
#42 /home/vagrant/Code/LARAFORUM/vendor/laravel/framework/src/Illuminate/Pipeline/Pipeline.php(102): Illuminate\Routing\Pipeline->Illuminate\Routing\{closure}(Object(Illuminate\Http\Request))
#43 /home/vagrant/Code/LARAFORUM/vendor/laravel/framework/src/Illuminate/Routing/Router.php(576): Illuminate\Pipeline\Pipeline->then(Object(Closure))
#44 /home/vagrant/Code/LARAFORUM/vendor/laravel/framework/src/Illuminate/Routing/Router.php(535): Illuminate\Routing\Router->runRouteWithinStack(Object(Illuminate\Routing\Route), Object(Illuminate\Http\Request))
#45 /home/vagrant/Code/LARAFORUM/vendor/laravel/framework/src/Illuminate/Routing/Router.php(513): Illuminate\Routing\Router->dispatchToRoute(Object(Illuminate\Http\Request))
#46 /home/vagrant/Code/LARAFORUM/vendor/laravel/framework/src/Illuminate/Foundation/Http/Kernel.php(174): Illuminate\Routing\Router->dispatch(Object(Illuminate\Http\Request))
#47 /home/vagrant/Code/LARAFORUM/vendor/laravel/framework/src/Illuminate/Routing/Pipeline.php(30): Illuminate\Foundation\Http\Kernel->Illuminate\Foundation\Http\{closure}(Object(Illuminate\Http\Request))
#48 /home/vagrant/Code/LARAFORUM/vendor/barryvdh/laravel-debugbar/src/Middleware/Debugbar.php(51): Illuminate\Routing\Pipeline->Illuminate\Routing\{closure}(Object(Illuminate\Http\Request))
#49 /home/vagrant/Code/LARAFORUM/vendor/laravel/framework/src/Illuminate/Pipeline/Pipeline.php(148): Barryvdh\Debugbar\Middleware\Debugbar->handle(Object(Illuminate\Http\Request), Object(Closure))
#50 /home/vagrant/Code/LARAFORUM/vendor/laravel/framework/src/Illuminate/Routing/Pipeline.php(53): Illuminate\Pipeline\Pipeline->Illuminate\Pipeline\{closure}(Object(Illuminate\Http\Request))
#51 /home/vagrant/Code/LARAFORUM/vendor/laravel/framework/src/Illuminate/Foundation/Http/Middleware/TransformsRequest.php(30): Illuminate\Routing\Pipeline->Illuminate\Routing\{closure}(Object(Illuminate\Http\Request))
#52 /home/vagrant/Code/LARAFORUM/vendor/laravel/framework/src/Illuminate/Pipeline/Pipeline.php(148): Illuminate\Foundation\Http\Middleware\TransformsRequest->handle(Object(Illuminate\Http\Request), Object(Closure))
#53 /home/vagrant/Code/LARAFORUM/vendor/laravel/framework/src/Illuminate/Routing/Pipeline.php(53): Illuminate\Pipeline\Pipeline->Illuminate\Pipeline\{closure}(Object(Illuminate\Http\Request))
#54 /home/vagrant/Code/LARAFORUM/vendor/laravel/framework/src/Illuminate/Foundation/Http/Middleware/TransformsRequest.php(30): Illuminate\Routing\Pipeline->Illuminate\Routing\{closure}(Object(Illuminate\Http\Request))
#55 /home/vagrant/Code/LARAFORUM/vendor/laravel/framework/src/Illuminate/Pipeline/Pipeline.php(148): Illuminate\Foundation\Http\Middleware\TransformsRequest->handle(Object(Illuminate\Http\Request), Object(Closure))
#56 /home/vagrant/Code/LARAFORUM/vendor/laravel/framework/src/Illuminate/Routing/Pipeline.php(53): Illuminate\Pipeline\Pipeline->Illuminate\Pipeline\{closure}(Object(Illuminate\Http\Request))
#57 /home/vagrant/Code/LARAFORUM/vendor/laravel/framework/src/Illuminate/Foundation/Http/Middleware/ValidatePostSize.php(27): Illuminate\Routing\Pipeline->Illuminate\Routing\{closure}(Object(Illuminate\Http\Request))
#58 /home/vagrant/Code/LARAFORUM/vendor/laravel/framework/src/Illuminate/Pipeline/Pipeline.php(148): Illuminate\Foundation\Http\Middleware\ValidatePostSize->handle(Object(Illuminate\Http\Request), Object(Closure))
#59 /home/vagrant/Code/LARAFORUM/vendor/laravel/framework/src/Illuminate/Routing/Pipeline.php(53): Illuminate\Pipeline\Pipeline->Illuminate\Pipeline\{closure}(Object(Illuminate\Http\Request))
#60 /home/vagrant/Code/LARAFORUM/vendor/laravel/framework/src/Illuminate/Foundation/Http/Middleware/CheckForMaintenanceMode.php(46): Illuminate\Routing\Pipeline->Illuminate\Routing\{closure}(Object(Illuminate\Http\Request))
#61 /home/vagrant/Code/LARAFORUM/vendor/laravel/framework/src/Illuminate/Pipeline/Pipeline.php(148): Illuminate\Foundation\Http\Middleware\CheckForMaintenanceMode->handle(Object(Illuminate\Http\Request), Object(Closure))
#62 /home/vagrant/Code/LARAFORUM/vendor/laravel/framework/src/Illuminate/Routing/Pipeline.php(53): Illuminate\Pipeline\Pipeline->Illuminate\Pipeline\{closure}(Object(Illuminate\Http\Request))
#63 /home/vagrant/Code/LARAFORUM/vendor/laravel/framework/src/Illuminate/Pipeline/Pipeline.php(102): Illuminate\Routing\Pipeline->Illuminate\Routing\{closure}(Object(Illuminate\Http\Request))
#64 /home/vagrant/Code/LARAFORUM/vendor/laravel/framework/src/Illuminate/Foundation/Http/Kernel.php(149): Illuminate\Pipeline\Pipeline->then(Object(Closure))
#65 /home/vagrant/Code/LARAFORUM/vendor/laravel/framework/src/Illuminate/Foundation/Http/Kernel.php(116): Illuminate\Foundation\Http\Kernel->sendRequestThroughRouter(Object(Illuminate\Http\Request))
#66 /home/vagrant/Code/LARAFORUM/public/index.php(53): Illuminate\Foundation\Http\Kernel->handle(Object(Illuminate\Http\Request))
#67 {main}  
